# JRE version: 7.0_17-b02
# Java VM: Java HotSpot(TM) Server VM (23.7-b01 mixed mode linux-x86 )
Heap
 PSYoungGen      total 223936K, used 186292K [0x9eed0000, 0xb36d0000, 0xb36d0000)
  eden space 112000K, 99% used [0x9eed0000,0xa5c2fff8,0xa5c30000)
  from space 111936K, 66% used [0xa5c30000,0xaa4bd2a0,0xac980000)
  to   space 111936K, 0% used [0xac980000,0xac980000,0xb36d0000)
 ParOldGen       total 671744K, used 671744K [0x75ed0000, 0x9eed0000, 0x9eed0000)
  object space 671744K, 100% used [0x75ed0000,0x9eed0000,0x9eed0000)
 PSPermGen       total 16384K, used 6731K [0x71ed0000, 0x72ed0000, 0x75ed0000)
  object space 16384K, 41% used [0x71ed0000,0x72562eb8,0x72ed0000)
GC Heap History (10 events):
Event: 31,869 GC heap before
{Heap before GC invocations=32 (full 17):
 PSYoungGen      total 223936K, used 186292K [0x9eed0000, 0xb36d0000, 0xb36d0000)
  eden space 112000K, 99% used [0x9eed0000,0xa5c2fff8,0xa5c30000)
  from space 111936K, 66% used [0xa5c30000,0xaa4bd2a0,0xac980000)
  to   space 111936K, 0% used [0xac980000,0xac980000,0xb36d0000)
 ParOldGen       total 671744K, used 671743K [0x75ed0000, 0x9eed0000, 0x9eed0000)
  object space 671744K, 99% used [0x75ed0000,0x9eecff90,0x9eed0000)
 PSPermGen       total 16384K, used 6729K [0x71ed0000, 0x72ed0000, 0x75ed0000)
  object space 16384K, 41% used [0x71ed0000,0x725627a8,0x72ed0000)
Event: 33,499 GC heap after
Heap after GC invocations=32 (full 17):
 PSYoungGen      total 223936K, used 186292K [0x9eed0000, 0xb36d0000, 0xb36d0000)
  eden space 112000K, 99% used [0x9eed0000,0xa5c2ffd8,0xa5c30000)
  from space 111936K, 66% used [0xa5c30000,0xaa4bd2a0,0xac980000)
  to   space 111936K, 0% used [0xac980000,0xac980000,0xb36d0000)
 ParOldGen       total 671744K, used 671743K [0x75ed0000, 0x9eed0000, 0x9eed0000)
  object space 671744K, 99% used [0x75ed0000,0x9eecff70,0x9eed0000)
 PSPermGen       total 16384K, used 6729K [0x71ed0000, 0x72ed0000, 0x75ed0000)
  object space 16384K, 41% used [0x71ed0000,0x725627a8,0x72ed0000)
}
Event: 33,499 GC heap before
{Heap before GC invocations=33 (full 18):
 PSYoungGen      total 223936K, used 186292K [0x9eed0000, 0xb36d0000, 0xb36d0000)
  eden space 112000K, 100% used [0x9eed0000,0xa5c30000,0xa5c30000)
  from space 111936K, 66% used [0xa5c30000,0xaa4bd2a0,0xac980000)
  to   space 111936K, 0% used [0xac980000,0xac980000,0xb36d0000)
 ParOldGen       total 671744K, used 671743K [0x75ed0000, 0x9eed0000, 0x9eed0000)
  object space 671744K, 99% used [0x75ed0000,0x9eecff70,0x9eed0000)
 PSPermGen       total 16384K, used 6730K [0x71ed0000, 0x72ed0000, 0x75ed0000)
  object space 16384K, 41% used [0x71ed0000,0x725628a0,0x72ed0000)
Event: 34,723 GC heap after
Heap after GC invocations=33 (full 18):
 PSYoungGen      total 223936K, used 186292K [0x9eed0000, 0xb36d0000, 0xb36d0000)
  eden space 112000K, 99% used [0x9eed0000,0xa5c2ffd8,0xa5c30000)
  from space 111936K, 66% used [0xa5c30000,0xaa4bd2a0,0xac980000)
  to   space 111936K, 0% used [0xac980000,0xac980000,0xb36d0000)
 ParOldGen       total 671744K, used 671743K [0x75ed0000, 0x9eed0000, 0x9eed0000)
  object space 671744K, 99% used [0x75ed0000,0x9eecff70,0x9eed0000)
 PSPermGen       total 16384K, used 6730K [0x71ed0000, 0x72ed0000, 0x75ed0000)
  object space 16384K, 41% used [0x71ed0000,0x725628a0,0x72ed0000)
}
Event: 34,723 GC heap before
{Heap before GC invocations=34 (full 19):
 PSYoungGen      total 223936K, used 186292K [0x9eed0000, 0xb36d0000, 0xb36d0000)
  eden space 112000K, 99% used [0x9eed0000,0xa5c2fff8,0xa5c30000)
  from space 111936K, 66% used [0xa5c30000,0xaa4bd2a0,0xac980000)
  to   space 111936K, 0% used [0xac980000,0xac980000,0xb36d0000)
 ParOldGen       total 671744K, used 671743K [0x75ed0000, 0x9eed0000, 0x9eed0000)
  object space 671744K, 99% used [0x75ed0000,0x9eecff70,0x9eed0000)
 PSPermGen       total 16384K, used 6730K [0x71ed0000, 0x72ed0000, 0x75ed0000)
  object space 16384K, 41% used [0x71ed0000,0x725628a0,0x72ed0000)
Event: 36,218 GC heap after
Heap after GC invocations=34 (full 19):
 PSYoungGen      total 223936K, used 186292K [0x9eed0000, 0xb36d0000, 0xb36d0000)
  eden space 112000K, 99% used [0x9eed0000,0xa5c2fff8,0xa5c30000)
  from space 111936K, 66% used [0xa5c30000,0xaa4bd2a0,0xac980000)
  to   space 111936K, 0% used [0xac980000,0xac980000,0xb36d0000)
 ParOldGen       total 671744K, used 671743K [0x75ed0000, 0x9eed0000, 0x9eed0000)
  object space 671744K, 99% used [0x75ed0000,0x9eecff70,0x9eed0000)
 PSPermGen       total 16384K, used 6730K [0x71ed0000, 0x72ed0000, 0x75ed0000)
  object space 16384K, 41% used [0x71ed0000,0x725628a0,0x72ed0000)
}
Event: 36,218 GC heap before
{Heap before GC invocations=35 (full 20):
 PSYoungGen      total 223936K, used 186292K [0x9eed0000, 0xb36d0000, 0xb36d0000)
  eden space 112000K, 99% used [0x9eed0000,0xa5c2fff8,0xa5c30000)
  from space 111936K, 66% used [0xa5c30000,0xaa4bd2a0,0xac980000)
  to   space 111936K, 0% used [0xac980000,0xac980000,0xb36d0000)
 ParOldGen       total 671744K, used 671743K [0x75ed0000, 0x9eed0000, 0x9eed0000)
  object space 671744K, 99% used [0x75ed0000,0x9eecffb0,0x9eed0000)
 PSPermGen       total 16384K, used 6730K [0x71ed0000, 0x72ed0000, 0x75ed0000)
  object space 16384K, 41% used [0x71ed0000,0x72562ba8,0x72ed0000)
Event: 37,853 GC heap after
Heap after GC invocations=35 (full 20):
 PSYoungGen      total 223936K, used 186292K [0x9eed0000, 0xb36d0000, 0xb36d0000)
  eden space 112000K, 99% used [0x9eed0000,0xa5c2fff8,0xa5c30000)
  from space 111936K, 66% used [0xa5c30000,0xaa4bd2a0,0xac980000)
  to   space 111936K, 0% used [0xac980000,0xac980000,0xb36d0000)
 ParOldGen       total 671744K, used 671743K [0x75ed0000, 0x9eed0000, 0x9eed0000)
  object space 671744K, 99% used [0x75ed0000,0x9eecff90,0x9eed0000)
 PSPermGen       total 16384K, used 6730K [0x71ed0000, 0x72ed0000, 0x75ed0000)
  object space 16384K, 41% used [0x71ed0000,0x72562ba8,0x72ed0000)
}
Event: 37,853 GC heap before
{Heap before GC invocations=36 (full 21):
 PSYoungGen      total 223936K, used 186292K [0x9eed0000, 0xb36d0000, 0xb36d0000)
  eden space 112000K, 99% used [0x9eed0000,0xa5c2fff8,0xa5c30000)
  from space 111936K, 66% used [0xa5c30000,0xaa4bd2a0,0xac980000)
  to   space 111936K, 0% used [0xac980000,0xac980000,0xb36d0000)
 ParOldGen       total 671744K, used 671743K [0x75ed0000, 0x9eed0000, 0x9eed0000)
  object space 671744K, 99% used [0x75ed0000,0x9eecff90,0x9eed0000)
 PSPermGen       total 16384K, used 6730K [0x71ed0000, 0x72ed0000, 0x75ed0000)
  object space 16384K, 41% used [0x71ed0000,0x72562ba8,0x72ed0000)
Event: 39,051 GC heap after
Heap after GC invocations=36 (full 21):
 PSYoungGen      total 223936K, used 186292K [0x9eed0000, 0xb36d0000, 0xb36d0000)
  eden space 112000K, 99% used [0x9eed0000,0xa5c2fff8,0xa5c30000)
  from space 111936K, 66% used [0xa5c30000,0xaa4bd2a0,0xac980000)
  to   space 111936K, 0% used [0xac980000,0xac980000,0xb36d0000)
 ParOldGen       total 671744K, used 671743K [0x75ed0000, 0x9eed0000, 0x9eed0000)
  object space 671744K, 99% used [0x75ed0000,0x9eecff90,0x9eed0000)
 PSPermGen       total 16384K, used 6730K [0x71ed0000, 0x72ed0000, 0x75ed0000)
  object space 16384K, 41% used [0x71ed0000,0x72562ba8,0x72ed0000)
}

