# JRE version: 7.0_17-b02
# Java VM: Java HotSpot(TM) Server VM (23.7-b01 mixed mode linux-x86 )
Heap
 PSYoungGen      total 217728K, used 105791K [0x9ee40000, 0xb3570000, 0xb3640000)
  eden space 105792K, 99% used [0x9ee40000,0xa558fff0,0xa5590000)
  from space 111936K, 0% used [0xac2e0000,0xac2e0000,0xb3030000)
  to   space 111936K, 0% used [0xa5590000,0xa5590000,0xac2e0000)
 ParOldGen       total 671744K, used 671743K [0x75e40000, 0x9ee40000, 0x9ee40000)
  object space 671744K, 99% used [0x75e40000,0x9ee3ffe0,0x9ee40000)
 PSPermGen       total 16384K, used 6751K [0x71e40000, 0x72e40000, 0x75e40000)
  object space 16384K, 41% used [0x71e40000,0x724d7ce0,0x72e40000)
GC Heap History (10 events):
Event: 52,253 GC heap before
{Heap before GC invocations=53 (full 37):
 PSYoungGen      total 217728K, used 105792K [0x9ee40000, 0xb3570000, 0xb3640000)
  eden space 105792K, 100% used [0x9ee40000,0xa5590000,0xa5590000)
  from space 111936K, 0% used [0xac2e0000,0xac2e0000,0xb3030000)
  to   space 111936K, 0% used [0xa5590000,0xa5590000,0xac2e0000)
 ParOldGen       total 671744K, used 671743K [0x75e40000, 0x9ee40000, 0x9ee40000)
  object space 671744K, 99% used [0x75e40000,0x9ee3ffd8,0x9ee40000)
 PSPermGen       total 16384K, used 6750K [0x71e40000, 0x72e40000, 0x75e40000)
  object space 16384K, 41% used [0x71e40000,0x724d7b40,0x72e40000)
Event: 53,420 GC heap after
Heap after GC invocations=53 (full 37):
 PSYoungGen      total 217728K, used 105791K [0x9ee40000, 0xb3570000, 0xb3640000)
  eden space 105792K, 99% used [0x9ee40000,0xa558fff0,0xa5590000)
  from space 111936K, 0% used [0xac2e0000,0xac2e0000,0xb3030000)
  to   space 111936K, 0% used [0xa5590000,0xa5590000,0xac2e0000)
 ParOldGen       total 671744K, used 671743K [0x75e40000, 0x9ee40000, 0x9ee40000)
  object space 671744K, 99% used [0x75e40000,0x9ee3ffd8,0x9ee40000)
 PSPermGen       total 16384K, used 6750K [0x71e40000, 0x72e40000, 0x75e40000)
  object space 16384K, 41% used [0x71e40000,0x724d7b40,0x72e40000)
}
Event: 53,420 GC heap before
{Heap before GC invocations=54 (full 38):
 PSYoungGen      total 217728K, used 105792K [0x9ee40000, 0xb3570000, 0xb3640000)
  eden space 105792K, 100% used [0x9ee40000,0xa5590000,0xa5590000)
  from space 111936K, 0% used [0xac2e0000,0xac2e0000,0xb3030000)
  to   space 111936K, 0% used [0xa5590000,0xa5590000,0xac2e0000)
 ParOldGen       total 671744K, used 671743K [0x75e40000, 0x9ee40000, 0x9ee40000)
  object space 671744K, 99% used [0x75e40000,0x9ee3fff8,0x9ee40000)
 PSPermGen       total 16384K, used 6750K [0x71e40000, 0x72e40000, 0x75e40000)
  object space 16384K, 41% used [0x71e40000,0x724d7b40,0x72e40000)
Event: 55,324 GC heap after
Heap after GC invocations=54 (full 38):
 PSYoungGen      total 217728K, used 105792K [0x9ee40000, 0xb3570000, 0xb3640000)
  eden space 105792K, 100% used [0x9ee40000,0xa5590000,0xa5590000)
  from space 111936K, 0% used [0xac2e0000,0xac2e0000,0xb3030000)
  to   space 111936K, 0% used [0xa5590000,0xa5590000,0xac2e0000)
 ParOldGen       total 671744K, used 671743K [0x75e40000, 0x9ee40000, 0x9ee40000)
  object space 671744K, 99% used [0x75e40000,0x9ee3fff8,0x9ee40000)
 PSPermGen       total 16384K, used 6750K [0x71e40000, 0x72e40000, 0x75e40000)
  object space 16384K, 41% used [0x71e40000,0x724d7b40,0x72e40000)
}
Event: 55,324 GC heap before
{Heap before GC invocations=55 (full 39):
 PSYoungGen      total 217728K, used 105792K [0x9ee40000, 0xb3570000, 0xb3640000)
  eden space 105792K, 100% used [0x9ee40000,0xa5590000,0xa5590000)
  from space 111936K, 0% used [0xac2e0000,0xac2e0000,0xb3030000)
  to   space 111936K, 0% used [0xa5590000,0xa5590000,0xac2e0000)
 ParOldGen       total 671744K, used 671743K [0x75e40000, 0x9ee40000, 0x9ee40000)
  object space 671744K, 99% used [0x75e40000,0x9ee3fff8,0x9ee40000)
 PSPermGen       total 16384K, used 6750K [0x71e40000, 0x72e40000, 0x75e40000)
  object space 16384K, 41% used [0x71e40000,0x724d7b40,0x72e40000)
Event: 56,398 GC heap after
Heap after GC invocations=55 (full 39):
 PSYoungGen      total 217728K, used 105792K [0x9ee40000, 0xb3570000, 0xb3640000)
  eden space 105792K, 100% used [0x9ee40000,0xa5590000,0xa5590000)
  from space 111936K, 0% used [0xac2e0000,0xac2e0000,0xb3030000)
  to   space 111936K, 0% used [0xa5590000,0xa5590000,0xac2e0000)
 ParOldGen       total 671744K, used 671743K [0x75e40000, 0x9ee40000, 0x9ee40000)
  object space 671744K, 99% used [0x75e40000,0x9ee3fff8,0x9ee40000)
 PSPermGen       total 16384K, used 6750K [0x71e40000, 0x72e40000, 0x75e40000)
  object space 16384K, 41% used [0x71e40000,0x724d7b40,0x72e40000)
}
Event: 56,398 GC heap before
{Heap before GC invocations=56 (full 40):
 PSYoungGen      total 217728K, used 105792K [0x9ee40000, 0xb3570000, 0xb3640000)
  eden space 105792K, 100% used [0x9ee40000,0xa5590000,0xa5590000)
  from space 111936K, 0% used [0xac2e0000,0xac2e0000,0xb3030000)
  to   space 111936K, 0% used [0xa5590000,0xa5590000,0xac2e0000)
 ParOldGen       total 671744K, used 671743K [0x75e40000, 0x9ee40000, 0x9ee40000)
  object space 671744K, 99% used [0x75e40000,0x9ee3fff8,0x9ee40000)
 PSPermGen       total 16384K, used 6751K [0x71e40000, 0x72e40000, 0x75e40000)
  object space 16384K, 41% used [0x71e40000,0x724d7ce0,0x72e40000)
Event: 57,474 GC heap after
Heap after GC invocations=56 (full 40):
 PSYoungGen      total 217728K, used 105791K [0x9ee40000, 0xb3570000, 0xb3640000)
  eden space 105792K, 99% used [0x9ee40000,0xa558fff0,0xa5590000)
  from space 111936K, 0% used [0xac2e0000,0xac2e0000,0xb3030000)
  to   space 111936K, 0% used [0xa5590000,0xa5590000,0xac2e0000)
 ParOldGen       total 671744K, used 671743K [0x75e40000, 0x9ee40000, 0x9ee40000)
  object space 671744K, 99% used [0x75e40000,0x9ee3ffe0,0x9ee40000)
 PSPermGen       total 16384K, used 6751K [0x71e40000, 0x72e40000, 0x75e40000)
  object space 16384K, 41% used [0x71e40000,0x724d7ce0,0x72e40000)
}
Event: 57,474 GC heap before
{Heap before GC invocations=57 (full 41):
 PSYoungGen      total 217728K, used 105791K [0x9ee40000, 0xb3570000, 0xb3640000)
  eden space 105792K, 99% used [0x9ee40000,0xa558fff0,0xa5590000)
  from space 111936K, 0% used [0xac2e0000,0xac2e0000,0xb3030000)
  to   space 111936K, 0% used [0xa5590000,0xa5590000,0xac2e0000)
 ParOldGen       total 671744K, used 671743K [0x75e40000, 0x9ee40000, 0x9ee40000)
  object space 671744K, 99% used [0x75e40000,0x9ee3ffe0,0x9ee40000)
 PSPermGen       total 16384K, used 6751K [0x71e40000, 0x72e40000, 0x75e40000)
  object space 16384K, 41% used [0x71e40000,0x724d7ce0,0x72e40000)
Event: 58,530 GC heap after
Heap after GC invocations=57 (full 41):
 PSYoungGen      total 217728K, used 105791K [0x9ee40000, 0xb3570000, 0xb3640000)
  eden space 105792K, 99% used [0x9ee40000,0xa558fff0,0xa5590000)
  from space 111936K, 0% used [0xac2e0000,0xac2e0000,0xb3030000)
  to   space 111936K, 0% used [0xa5590000,0xa5590000,0xac2e0000)
 ParOldGen       total 671744K, used 671743K [0x75e40000, 0x9ee40000, 0x9ee40000)
  object space 671744K, 99% used [0x75e40000,0x9ee3ffe0,0x9ee40000)
 PSPermGen       total 16384K, used 6751K [0x71e40000, 0x72e40000, 0x75e40000)
  object space 16384K, 41% used [0x71e40000,0x724d7ce0,0x72e40000)
}

